{"/Users/rafflesyohanes/badminton-court-booking-project/server/app.js": {"path":"/Users/rafflesyohanes/badminton-court-booking-project/server/app.js","statementMap":{"0":{"start":{"line":6,"column":12},"end":{"line":6,"column":21}},"1":{"start":{"line":7,"column":13},"end":{"line":7,"column":37}},"2":{"start":{"line":9,"column":0},"end":{"line":9,"column":16}},"3":{"start":{"line":11,"column":0},"end":{"line":11,"column":16}},"4":{"start":{"line":12,"column":0},"end":{"line":12,"column":24}},"5":{"start":{"line":13,"column":0},"end":{"line":13,"column":48}},"6":{"start":{"line":14,"column":0},"end":{"line":14,"column":15}},"7":{"start":{"line":16,"column":0},"end":{"line":18,"column":2}},"8":{"start":{"line":17,"column":4},"end":{"line":17,"column":66}}},"fnMap":{"0":{"name":"(anonymous_0)","decl":{"start":{"line":16,"column":17},"end":{"line":16,"column":18}},"loc":{"start":{"line":16,"column":23},"end":{"line":18,"column":1}},"line":16}},"branchMap":{"0":{"loc":{"start":{"line":7,"column":13},"end":{"line":7,"column":37}},"type":"binary-expr","locations":[{"start":{"line":7,"column":13},"end":{"line":7,"column":29}},{"start":{"line":7,"column":33},"end":{"line":7,"column":37}}],"line":7}},"s":{"0":1,"1":1,"2":1,"3":1,"4":1,"5":1,"6":1,"7":1,"8":1},"f":{"0":1},"b":{"0":[1,0]},"_coverageSchema":"1a1c01bbd47fc00a2c39e90264f33305004495a9","hash":"f0c198650a04a0e997c72f8aca50723c29e39951"}
,"/Users/rafflesyohanes/badminton-court-booking-project/server/config/mongoDB.js": {"path":"/Users/rafflesyohanes/badminton-court-booking-project/server/config/mongoDB.js","statementMap":{"0":{"start":{"line":4,"column":15},"end":{"line":4,"column":95}},"1":{"start":{"line":7,"column":2},"end":{"line":8,"column":57}},"2":{"start":{"line":10,"column":15},"end":{"line":10,"column":35}},"3":{"start":{"line":11,"column":11},"end":{"line":11,"column":28}}},"fnMap":{},"branchMap":{"0":{"loc":{"start":{"line":4,"column":15},"end":{"line":4,"column":95}},"type":"cond-expr","locations":[{"start":{"line":4,"column":49},"end":{"line":4,"column":73}},{"start":{"line":4,"column":76},"end":{"line":4,"column":95}}],"line":4},"1":{"loc":{"start":{"line":7,"column":2},"end":{"line":8,"column":57}},"type":"binary-expr","locations":[{"start":{"line":7,"column":2},"end":{"line":7,"column":23}},{"start":{"line":8,"column":2},"end":{"line":8,"column":57}}],"line":7}},"s":{"0":1,"1":1,"2":1,"3":1},"f":{},"b":{"0":[1,0],"1":[1,0]},"_coverageSchema":"1a1c01bbd47fc00a2c39e90264f33305004495a9","hash":"41bf968f5dad4750046523ff3b2e737d47d6e5da"}
,"/Users/rafflesyohanes/badminton-court-booking-project/server/controllers/BookingController.js": {"path":"/Users/rafflesyohanes/badminton-court-booking-project/server/controllers/BookingController.js","statementMap":{"0":{"start":{"line":6,"column":8},"end":{"line":11,"column":9}},"1":{"start":{"line":7,"column":29},"end":{"line":7,"column":54}},"2":{"start":{"line":8,"column":12},"end":{"line":8,"column":43}},"3":{"start":{"line":10,"column":12},"end":{"line":10,"column":24}},"4":{"start":{"line":16,"column":8},"end":{"line":44,"column":9}},"5":{"start":{"line":17,"column":80},"end":{"line":17,"column":88}},"6":{"start":{"line":20,"column":12},"end":{"line":22,"column":13}},"7":{"start":{"line":21,"column":16},"end":{"line":21,"column":84}},"8":{"start":{"line":25,"column":31},"end":{"line":25,"column":58}},"9":{"start":{"line":27,"column":32},"end":{"line":38,"column":13}},"10":{"start":{"line":40,"column":31},"end":{"line":40,"column":69}},"11":{"start":{"line":41,"column":12},"end":{"line":41,"column":106}},"12":{"start":{"line":43,"column":12},"end":{"line":43,"column":24}},"13":{"start":{"line":49,"column":8},"end":{"line":60,"column":9}},"14":{"start":{"line":50,"column":27},"end":{"line":50,"column":37}},"15":{"start":{"line":52,"column":27},"end":{"line":52,"column":60}},"16":{"start":{"line":53,"column":12},"end":{"line":55,"column":13}},"17":{"start":{"line":54,"column":16},"end":{"line":54,"column":78}},"18":{"start":{"line":57,"column":12},"end":{"line":57,"column":78}},"19":{"start":{"line":59,"column":12},"end":{"line":59,"column":24}},"20":{"start":{"line":65,"column":8},"end":{"line":92,"column":9}},"21":{"start":{"line":66,"column":27},"end":{"line":66,"column":37}},"22":{"start":{"line":67,"column":38},"end":{"line":67,"column":46}},"23":{"start":{"line":69,"column":28},"end":{"line":69,"column":59}},"24":{"start":{"line":70,"column":12},"end":{"line":72,"column":13}},"25":{"start":{"line":71,"column":16},"end":{"line":71,"column":78}},"26":{"start":{"line":74,"column":31},"end":{"line":74,"column":54}},"27":{"start":{"line":75,"column":34},"end":{"line":75,"column":60}},"28":{"start":{"line":77,"column":12},"end":{"line":84,"column":13}},"29":{"start":{"line":79,"column":16},"end":{"line":79,"column":47}},"30":{"start":{"line":80,"column":16},"end":{"line":80,"column":56}},"31":{"start":{"line":83,"column":16},"end":{"line":83,"column":51}},"32":{"start":{"line":86,"column":12},"end":{"line":86,"column":43}},"33":{"start":{"line":88,"column":12},"end":{"line":88,"column":55}},"34":{"start":{"line":89,"column":12},"end":{"line":89,"column":87}},"35":{"start":{"line":91,"column":12},"end":{"line":91,"column":24}}},"fnMap":{"0":{"name":"(anonymous_0)","decl":{"start":{"line":5,"column":4},"end":{"line":5,"column":5}},"loc":{"start":{"line":5,"column":44},"end":{"line":12,"column":5}},"line":5},"1":{"name":"(anonymous_1)","decl":{"start":{"line":15,"column":4},"end":{"line":15,"column":5}},"loc":{"start":{"line":15,"column":44},"end":{"line":45,"column":5}},"line":15},"2":{"name":"(anonymous_2)","decl":{"start":{"line":48,"column":4},"end":{"line":48,"column":5}},"loc":{"start":{"line":48,"column":47},"end":{"line":61,"column":5}},"line":48},"3":{"name":"(anonymous_3)","decl":{"start":{"line":64,"column":4},"end":{"line":64,"column":5}},"loc":{"start":{"line":64,"column":47},"end":{"line":93,"column":5}},"line":64}},"branchMap":{"0":{"loc":{"start":{"line":20,"column":12},"end":{"line":22,"column":13}},"type":"if","locations":[{"start":{"line":20,"column":12},"end":{"line":22,"column":13}},{"start":{},"end":{}}],"line":20},"1":{"loc":{"start":{"line":20,"column":16},"end":{"line":20,"column":87}},"type":"binary-expr","locations":[{"start":{"line":20,"column":16},"end":{"line":20,"column":23}},{"start":{"line":20,"column":27},"end":{"line":20,"column":35}},{"start":{"line":20,"column":39},"end":{"line":20,"column":44}},{"start":{"line":20,"column":48},"end":{"line":20,"column":61}},{"start":{"line":20,"column":65},"end":{"line":20,"column":77}},{"start":{"line":20,"column":81},"end":{"line":20,"column":87}}],"line":20},"2":{"loc":{"start":{"line":35,"column":31},"end":{"line":35,"column":81}},"type":"cond-expr","locations":[{"start":{"line":35,"column":63},"end":{"line":35,"column":69}},{"start":{"line":35,"column":72},"end":{"line":35,"column":81}}],"line":35},"3":{"loc":{"start":{"line":53,"column":12},"end":{"line":55,"column":13}},"type":"if","locations":[{"start":{"line":53,"column":12},"end":{"line":55,"column":13}},{"start":{},"end":{}}],"line":53},"4":{"loc":{"start":{"line":70,"column":12},"end":{"line":72,"column":13}},"type":"if","locations":[{"start":{"line":70,"column":12},"end":{"line":72,"column":13}},{"start":{},"end":{}}],"line":70},"5":{"loc":{"start":{"line":74,"column":31},"end":{"line":74,"column":54}},"type":"binary-expr","locations":[{"start":{"line":74,"column":31},"end":{"line":74,"column":49}},{"start":{"line":74,"column":53},"end":{"line":74,"column":54}}],"line":74},"6":{"loc":{"start":{"line":77,"column":12},"end":{"line":84,"column":13}},"type":"if","locations":[{"start":{"line":77,"column":12},"end":{"line":84,"column":13}},{"start":{"line":81,"column":19},"end":{"line":84,"column":13}}],"line":77}},"s":{"0":0,"1":0,"2":0,"3":0,"4":0,"5":0,"6":0,"7":0,"8":0,"9":0,"10":0,"11":0,"12":0,"13":0,"14":0,"15":0,"16":0,"17":0,"18":0,"19":0,"20":0,"21":0,"22":0,"23":0,"24":0,"25":0,"26":0,"27":0,"28":0,"29":0,"30":0,"31":0,"32":0,"33":0,"34":0,"35":0},"f":{"0":0,"1":0,"2":0,"3":0},"b":{"0":[0,0],"1":[0,0,0,0,0,0],"2":[0,0],"3":[0,0],"4":[0,0],"5":[0,0],"6":[0,0]},"_coverageSchema":"1a1c01bbd47fc00a2c39e90264f33305004495a9","hash":"129b0a1b527a3c3b196b38be3488b4d46e7f190a"}
,"/Users/rafflesyohanes/badminton-court-booking-project/server/controllers/BuildingController.js": {"path":"/Users/rafflesyohanes/badminton-court-booking-project/server/controllers/BuildingController.js","statementMap":{"0":{"start":{"line":6,"column":8},"end":{"line":16,"column":9}},"1":{"start":{"line":7,"column":31},"end":{"line":7,"column":44}},"2":{"start":{"line":8,"column":12},"end":{"line":8,"column":31}},"3":{"start":{"line":9,"column":32},"end":{"line":9,"column":87}},"4":{"start":{"line":10,"column":12},"end":{"line":13,"column":15}},"5":{"start":{"line":15,"column":12},"end":{"line":15,"column":22}},"6":{"start":{"line":20,"column":8},"end":{"line":26,"column":9}},"7":{"start":{"line":21,"column":30},"end":{"line":21,"column":64}},"8":{"start":{"line":23,"column":12},"end":{"line":23,"column":48}},"9":{"start":{"line":25,"column":12},"end":{"line":25,"column":22}},"10":{"start":{"line":30,"column":8},"end":{"line":39,"column":9}},"11":{"start":{"line":31,"column":27},"end":{"line":31,"column":37}},"12":{"start":{"line":33,"column":12},"end":{"line":33,"column":64}},"13":{"start":{"line":33,"column":32},"end":{"line":33,"column":64}},"14":{"start":{"line":35,"column":29},"end":{"line":35,"column":69}},"15":{"start":{"line":36,"column":12},"end":{"line":36,"column":43}},"16":{"start":{"line":38,"column":12},"end":{"line":38,"column":22}},"17":{"start":{"line":43,"column":8},"end":{"line":52,"column":9}},"18":{"start":{"line":44,"column":27},"end":{"line":44,"column":37}},"19":{"start":{"line":45,"column":36},"end":{"line":45,"column":84}},"20":{"start":{"line":46,"column":12},"end":{"line":49,"column":15}},"21":{"start":{"line":51,"column":12},"end":{"line":51,"column":22}},"22":{"start":{"line":56,"column":8},"end":{"line":62,"column":9}},"23":{"start":{"line":57,"column":27},"end":{"line":57,"column":37}},"24":{"start":{"line":58,"column":12},"end":{"line":58,"column":51}},"25":{"start":{"line":59,"column":12},"end":{"line":59,"column":79}},"26":{"start":{"line":61,"column":12},"end":{"line":61,"column":22}},"27":{"start":{"line":66,"column":8},"end":{"line":79,"column":9}},"28":{"start":{"line":67,"column":33},"end":{"line":67,"column":43}},"29":{"start":{"line":68,"column":25},"end":{"line":68,"column":59}},"30":{"start":{"line":69,"column":12},"end":{"line":71,"column":13}},"31":{"start":{"line":70,"column":16},"end":{"line":70,"column":84}},"32":{"start":{"line":73,"column":33},"end":{"line":73,"column":58}},"33":{"start":{"line":75,"column":30},"end":{"line":75,"column":90}},"34":{"start":{"line":76,"column":12},"end":{"line":76,"column":44}},"35":{"start":{"line":78,"column":12},"end":{"line":78,"column":22}},"36":{"start":{"line":83,"column":8},"end":{"line":95,"column":9}},"37":{"start":{"line":84,"column":44},"end":{"line":84,"column":52}},"38":{"start":{"line":86,"column":12},"end":{"line":88,"column":13}},"39":{"start":{"line":87,"column":16},"end":{"line":87,"column":80}},"40":{"start":{"line":90,"column":29},"end":{"line":90,"column":95}},"41":{"start":{"line":92,"column":12},"end":{"line":92,"column":43}},"42":{"start":{"line":94,"column":12},"end":{"line":94,"column":22}}},"fnMap":{"0":{"name":"(anonymous_0)","decl":{"start":{"line":5,"column":4},"end":{"line":5,"column":5}},"loc":{"start":{"line":5,"column":48},"end":{"line":17,"column":5}},"line":5},"1":{"name":"(anonymous_1)","decl":{"start":{"line":19,"column":4},"end":{"line":19,"column":5}},"loc":{"start":{"line":19,"column":49},"end":{"line":27,"column":5}},"line":19},"2":{"name":"(anonymous_2)","decl":{"start":{"line":29,"column":4},"end":{"line":29,"column":5}},"loc":{"start":{"line":29,"column":49},"end":{"line":40,"column":5}},"line":29},"3":{"name":"(anonymous_3)","decl":{"start":{"line":42,"column":4},"end":{"line":42,"column":5}},"loc":{"start":{"line":42,"column":48},"end":{"line":53,"column":5}},"line":42},"4":{"name":"(anonymous_4)","decl":{"start":{"line":55,"column":4},"end":{"line":55,"column":5}},"loc":{"start":{"line":55,"column":48},"end":{"line":63,"column":5}},"line":55},"5":{"name":"(anonymous_5)","decl":{"start":{"line":65,"column":4},"end":{"line":65,"column":5}},"loc":{"start":{"line":65,"column":54},"end":{"line":80,"column":5}},"line":65},"6":{"name":"(anonymous_6)","decl":{"start":{"line":82,"column":4},"end":{"line":82,"column":5}},"loc":{"start":{"line":82,"column":59},"end":{"line":96,"column":5}},"line":82}},"branchMap":{"0":{"loc":{"start":{"line":33,"column":12},"end":{"line":33,"column":64}},"type":"if","locations":[{"start":{"line":33,"column":12},"end":{"line":33,"column":64}},{"start":{},"end":{}}],"line":33},"1":{"loc":{"start":{"line":69,"column":12},"end":{"line":71,"column":13}},"type":"if","locations":[{"start":{"line":69,"column":12},"end":{"line":71,"column":13}},{"start":{},"end":{}}],"line":69},"2":{"loc":{"start":{"line":69,"column":16},"end":{"line":69,"column":39}},"type":"binary-expr","locations":[{"start":{"line":69,"column":16},"end":{"line":69,"column":21}},{"start":{"line":69,"column":25},"end":{"line":69,"column":39}}],"line":69},"3":{"loc":{"start":{"line":86,"column":12},"end":{"line":88,"column":13}},"type":"if","locations":[{"start":{"line":86,"column":12},"end":{"line":88,"column":13}},{"start":{},"end":{}}],"line":86},"4":{"loc":{"start":{"line":86,"column":16},"end":{"line":86,"column":77}},"type":"binary-expr","locations":[{"start":{"line":86,"column":16},"end":{"line":86,"column":45}},{"start":{"line":86,"column":49},"end":{"line":86,"column":77}}],"line":86}},"s":{"0":0,"1":0,"2":0,"3":0,"4":0,"5":0,"6":0,"7":0,"8":0,"9":0,"10":0,"11":0,"12":0,"13":0,"14":0,"15":0,"16":0,"17":0,"18":0,"19":0,"20":0,"21":0,"22":0,"23":0,"24":0,"25":0,"26":0,"27":0,"28":0,"29":0,"30":0,"31":0,"32":0,"33":0,"34":0,"35":0,"36":0,"37":0,"38":0,"39":0,"40":0,"41":0,"42":0},"f":{"0":0,"1":0,"2":0,"3":0,"4":0,"5":0,"6":0},"b":{"0":[0,0],"1":[0,0],"2":[0,0],"3":[0,0],"4":[0,0]},"_coverageSchema":"1a1c01bbd47fc00a2c39e90264f33305004495a9","hash":"3debfb6caec2bd5eed0dd2a6176d3a551086264f"}
,"/Users/rafflesyohanes/badminton-court-booking-project/server/controllers/CourtController.js": {"path":"/Users/rafflesyohanes/badminton-court-booking-project/server/controllers/CourtController.js","statementMap":{"0":{"start":{"line":5,"column":8},"end":{"line":10,"column":9}},"1":{"start":{"line":6,"column":27},"end":{"line":6,"column":56}},"2":{"start":{"line":7,"column":12},"end":{"line":7,"column":41}},"3":{"start":{"line":9,"column":12},"end":{"line":9,"column":24}},"4":{"start":{"line":14,"column":8},"end":{"line":20,"column":9}},"5":{"start":{"line":15,"column":27},"end":{"line":15,"column":37}},"6":{"start":{"line":16,"column":26},"end":{"line":16,"column":60}},"7":{"start":{"line":17,"column":12},"end":{"line":17,"column":40}},"8":{"start":{"line":19,"column":12},"end":{"line":19,"column":24}},"9":{"start":{"line":24,"column":8},"end":{"line":30,"column":9}},"10":{"start":{"line":25,"column":26},"end":{"line":25,"column":64}},"11":{"start":{"line":26,"column":12},"end":{"line":26,"column":40}},"12":{"start":{"line":27,"column":12},"end":{"line":27,"column":59}},"13":{"start":{"line":29,"column":12},"end":{"line":29,"column":24}},"14":{"start":{"line":34,"column":8},"end":{"line":40,"column":9}},"15":{"start":{"line":35,"column":27},"end":{"line":35,"column":37}},"16":{"start":{"line":36,"column":26},"end":{"line":36,"column":68}},"17":{"start":{"line":37,"column":12},"end":{"line":37,"column":40}},"18":{"start":{"line":39,"column":12},"end":{"line":39,"column":24}},"19":{"start":{"line":44,"column":8},"end":{"line":50,"column":9}},"20":{"start":{"line":45,"column":27},"end":{"line":45,"column":37}},"21":{"start":{"line":46,"column":27},"end":{"line":46,"column":59}},"22":{"start":{"line":47,"column":12},"end":{"line":47,"column":41}},"23":{"start":{"line":49,"column":12},"end":{"line":49,"column":24}},"24":{"start":{"line":54,"column":8},"end":{"line":60,"column":9}},"25":{"start":{"line":55,"column":32},"end":{"line":55,"column":42}},"26":{"start":{"line":56,"column":27},"end":{"line":56,"column":74}},"27":{"start":{"line":57,"column":12},"end":{"line":57,"column":41}},"28":{"start":{"line":59,"column":12},"end":{"line":59,"column":24}}},"fnMap":{"0":{"name":"(anonymous_0)","decl":{"start":{"line":4,"column":4},"end":{"line":4,"column":5}},"loc":{"start":{"line":4,"column":40},"end":{"line":11,"column":5}},"line":4},"1":{"name":"(anonymous_1)","decl":{"start":{"line":13,"column":4},"end":{"line":13,"column":5}},"loc":{"start":{"line":13,"column":41},"end":{"line":21,"column":5}},"line":13},"2":{"name":"(anonymous_2)","decl":{"start":{"line":23,"column":4},"end":{"line":23,"column":5}},"loc":{"start":{"line":23,"column":40},"end":{"line":31,"column":5}},"line":23},"3":{"name":"(anonymous_3)","decl":{"start":{"line":33,"column":4},"end":{"line":33,"column":5}},"loc":{"start":{"line":33,"column":40},"end":{"line":41,"column":5}},"line":33},"4":{"name":"(anonymous_4)","decl":{"start":{"line":43,"column":4},"end":{"line":43,"column":5}},"loc":{"start":{"line":43,"column":40},"end":{"line":51,"column":5}},"line":43},"5":{"name":"(anonymous_5)","decl":{"start":{"line":53,"column":4},"end":{"line":53,"column":5}},"loc":{"start":{"line":53,"column":53},"end":{"line":61,"column":5}},"line":53}},"branchMap":{},"s":{"0":0,"1":0,"2":0,"3":0,"4":0,"5":0,"6":0,"7":0,"8":0,"9":0,"10":0,"11":0,"12":0,"13":0,"14":0,"15":0,"16":0,"17":0,"18":0,"19":0,"20":0,"21":0,"22":0,"23":0,"24":0,"25":0,"26":0,"27":0,"28":0},"f":{"0":0,"1":0,"2":0,"3":0,"4":0,"5":0},"b":{},"_coverageSchema":"1a1c01bbd47fc00a2c39e90264f33305004495a9","hash":"f99960fa6f8a5ad3ae9cac76baf0af9492125018"}
,"/Users/rafflesyohanes/badminton-court-booking-project/server/controllers/MessageController.js": {"path":"/Users/rafflesyohanes/badminton-court-booking-project/server/controllers/MessageController.js","statementMap":{"0":{"start":{"line":5,"column":8},"end":{"line":24,"column":9}},"1":{"start":{"line":6,"column":31},"end":{"line":6,"column":41}},"2":{"start":{"line":7,"column":25},"end":{"line":7,"column":54}},"3":{"start":{"line":8,"column":26},"end":{"line":8,"column":57}},"4":{"start":{"line":10,"column":12},"end":{"line":12,"column":13}},"5":{"start":{"line":11,"column":16},"end":{"line":11,"column":80}},"6":{"start":{"line":14,"column":29},"end":{"line":14,"column":88}},"7":{"start":{"line":16,"column":12},"end":{"line":21,"column":15}},"8":{"start":{"line":23,"column":12},"end":{"line":23,"column":24}},"9":{"start":{"line":29,"column":8},"end":{"line":43,"column":9}},"10":{"start":{"line":30,"column":31},"end":{"line":30,"column":41}},"11":{"start":{"line":31,"column":29},"end":{"line":31,"column":37}},"12":{"start":{"line":32,"column":31},"end":{"line":32,"column":44}},"13":{"start":{"line":34,"column":12},"end":{"line":36,"column":13}},"14":{"start":{"line":35,"column":16},"end":{"line":35,"column":90}},"15":{"start":{"line":38,"column":31},"end":{"line":38,"column":86}},"16":{"start":{"line":40,"column":12},"end":{"line":40,"column":45}},"17":{"start":{"line":42,"column":12},"end":{"line":42,"column":24}}},"fnMap":{"0":{"name":"(anonymous_0)","decl":{"start":{"line":4,"column":4},"end":{"line":4,"column":5}},"loc":{"start":{"line":4,"column":44},"end":{"line":25,"column":5}},"line":4},"1":{"name":"(anonymous_1)","decl":{"start":{"line":28,"column":4},"end":{"line":28,"column":5}},"loc":{"start":{"line":28,"column":45},"end":{"line":44,"column":5}},"line":28}},"branchMap":{"0":{"loc":{"start":{"line":7,"column":25},"end":{"line":7,"column":54}},"type":"binary-expr","locations":[{"start":{"line":7,"column":25},"end":{"line":7,"column":49}},{"start":{"line":7,"column":53},"end":{"line":7,"column":54}}],"line":7},"1":{"loc":{"start":{"line":8,"column":26},"end":{"line":8,"column":57}},"type":"binary-expr","locations":[{"start":{"line":8,"column":26},"end":{"line":8,"column":51}},{"start":{"line":8,"column":55},"end":{"line":8,"column":57}}],"line":8},"2":{"loc":{"start":{"line":10,"column":12},"end":{"line":12,"column":13}},"type":"if","locations":[{"start":{"line":10,"column":12},"end":{"line":12,"column":13}},{"start":{},"end":{}}],"line":10},"3":{"loc":{"start":{"line":34,"column":12},"end":{"line":36,"column":13}},"type":"if","locations":[{"start":{"line":34,"column":12},"end":{"line":36,"column":13}},{"start":{},"end":{}}],"line":34},"4":{"loc":{"start":{"line":34,"column":16},"end":{"line":34,"column":32}},"type":"binary-expr","locations":[{"start":{"line":34,"column":16},"end":{"line":34,"column":23}},{"start":{"line":34,"column":27},"end":{"line":34,"column":32}}],"line":34}},"s":{"0":0,"1":0,"2":0,"3":0,"4":0,"5":0,"6":0,"7":0,"8":0,"9":0,"10":0,"11":0,"12":0,"13":0,"14":0,"15":0,"16":0,"17":0},"f":{"0":0,"1":0},"b":{"0":[0,0],"1":[0,0],"2":[0,0],"3":[0,0],"4":[0,0]},"_coverageSchema":"1a1c01bbd47fc00a2c39e90264f33305004495a9","hash":"2c6191489c696593631e6a3124e6c0a5a57b9549"}
,"/Users/rafflesyohanes/badminton-court-booking-project/server/controllers/RoomsController.js": {"path":"/Users/rafflesyohanes/badminton-court-booking-project/server/controllers/RoomsController.js","statementMap":{"0":{"start":{"line":7,"column":8},"end":{"line":29,"column":9}},"1":{"start":{"line":8,"column":32},"end":{"line":8,"column":40}},"2":{"start":{"line":9,"column":31},"end":{"line":9,"column":44}},"3":{"start":{"line":11,"column":29},"end":{"line":11,"column":76}},"4":{"start":{"line":12,"column":23},"end":{"line":12,"column":42}},"5":{"start":{"line":13,"column":28},"end":{"line":13,"column":68}},"6":{"start":{"line":15,"column":33},"end":{"line":15,"column":95}},"7":{"start":{"line":17,"column":12},"end":{"line":19,"column":13}},"8":{"start":{"line":18,"column":16},"end":{"line":18,"column":122}},"9":{"start":{"line":21,"column":28},"end":{"line":21,"column":84}},"10":{"start":{"line":23,"column":12},"end":{"line":26,"column":15}},"11":{"start":{"line":28,"column":12},"end":{"line":28,"column":22}},"12":{"start":{"line":33,"column":8},"end":{"line":40,"column":9}},"13":{"start":{"line":34,"column":31},"end":{"line":34,"column":41}},"14":{"start":{"line":35,"column":12},"end":{"line":35,"column":50}},"15":{"start":{"line":36,"column":25},"end":{"line":36,"column":60}},"16":{"start":{"line":37,"column":12},"end":{"line":37,"column":39}},"17":{"start":{"line":39,"column":12},"end":{"line":39,"column":22}},"18":{"start":{"line":44,"column":8},"end":{"line":49,"column":9}},"19":{"start":{"line":45,"column":26},"end":{"line":45,"column":51}},"20":{"start":{"line":46,"column":12},"end":{"line":46,"column":40}},"21":{"start":{"line":48,"column":12},"end":{"line":48,"column":22}},"22":{"start":{"line":53,"column":8},"end":{"line":72,"column":9}},"23":{"start":{"line":54,"column":31},"end":{"line":54,"column":41}},"24":{"start":{"line":55,"column":12},"end":{"line":55,"column":60}},"25":{"start":{"line":57,"column":25},"end":{"line":57,"column":60}},"26":{"start":{"line":59,"column":12},"end":{"line":61,"column":13}},"27":{"start":{"line":60,"column":16},"end":{"line":60,"column":75}},"28":{"start":{"line":63,"column":28},"end":{"line":63,"column":66}},"29":{"start":{"line":65,"column":12},"end":{"line":67,"column":13}},"30":{"start":{"line":66,"column":16},"end":{"line":66,"column":82}},"31":{"start":{"line":69,"column":12},"end":{"line":69,"column":75}},"32":{"start":{"line":71,"column":12},"end":{"line":71,"column":22}}},"fnMap":{"0":{"name":"(anonymous_0)","decl":{"start":{"line":6,"column":4},"end":{"line":6,"column":5}},"loc":{"start":{"line":6,"column":44},"end":{"line":30,"column":5}},"line":6},"1":{"name":"(anonymous_1)","decl":{"start":{"line":32,"column":4},"end":{"line":32,"column":5}},"loc":{"start":{"line":32,"column":45},"end":{"line":41,"column":5}},"line":32},"2":{"name":"(anonymous_2)","decl":{"start":{"line":43,"column":4},"end":{"line":43,"column":5}},"loc":{"start":{"line":43,"column":45},"end":{"line":50,"column":5}},"line":43},"3":{"name":"(anonymous_3)","decl":{"start":{"line":52,"column":4},"end":{"line":52,"column":5}},"loc":{"start":{"line":52,"column":44},"end":{"line":73,"column":5}},"line":52}},"branchMap":{"0":{"loc":{"start":{"line":17,"column":12},"end":{"line":19,"column":13}},"type":"if","locations":[{"start":{"line":17,"column":12},"end":{"line":19,"column":13}},{"start":{},"end":{}}],"line":17},"1":{"loc":{"start":{"line":59,"column":12},"end":{"line":61,"column":13}},"type":"if","locations":[{"start":{"line":59,"column":12},"end":{"line":61,"column":13}},{"start":{},"end":{}}],"line":59},"2":{"loc":{"start":{"line":65,"column":12},"end":{"line":67,"column":13}},"type":"if","locations":[{"start":{"line":65,"column":12},"end":{"line":67,"column":13}},{"start":{},"end":{}}],"line":65}},"s":{"0":0,"1":0,"2":0,"3":0,"4":0,"5":0,"6":0,"7":0,"8":0,"9":0,"10":0,"11":0,"12":0,"13":0,"14":0,"15":0,"16":0,"17":0,"18":0,"19":0,"20":0,"21":0,"22":0,"23":0,"24":0,"25":0,"26":0,"27":0,"28":0,"29":0,"30":0,"31":0,"32":0},"f":{"0":0,"1":0,"2":0,"3":0},"b":{"0":[0,0],"1":[0,0],"2":[0,0]},"_coverageSchema":"1a1c01bbd47fc00a2c39e90264f33305004495a9","hash":"416f3bf27914de25db517da45909102649bf07de"}
,"/Users/rafflesyohanes/badminton-court-booking-project/server/controllers/UserController.js": {"path":"/Users/rafflesyohanes/badminton-court-booking-project/server/controllers/UserController.js","statementMap":{"0":{"start":{"line":5,"column":8},"end":{"line":10,"column":9}},"1":{"start":{"line":6,"column":27},"end":{"line":6,"column":53}},"2":{"start":{"line":7,"column":12},"end":{"line":7,"column":41}},"3":{"start":{"line":9,"column":12},"end":{"line":9,"column":22}},"4":{"start":{"line":14,"column":8},"end":{"line":22,"column":9}},"5":{"start":{"line":15,"column":28},"end":{"line":15,"column":57}},"6":{"start":{"line":16,"column":12},"end":{"line":19,"column":15}},"7":{"start":{"line":21,"column":12},"end":{"line":21,"column":22}},"8":{"start":{"line":26,"column":8},"end":{"line":32,"column":9}},"9":{"start":{"line":27,"column":43},"end":{"line":27,"column":51}},"10":{"start":{"line":28,"column":32},"end":{"line":28,"column":81}},"11":{"start":{"line":29,"column":12},"end":{"line":29,"column":46}},"12":{"start":{"line":31,"column":12},"end":{"line":31,"column":22}},"13":{"start":{"line":36,"column":8},"end":{"line":42,"column":9}},"14":{"start":{"line":37,"column":33},"end":{"line":37,"column":43}},"15":{"start":{"line":38,"column":37},"end":{"line":38,"column":78}},"16":{"start":{"line":39,"column":12},"end":{"line":39,"column":51}},"17":{"start":{"line":41,"column":12},"end":{"line":41,"column":22}}},"fnMap":{"0":{"name":"(anonymous_0)","decl":{"start":{"line":4,"column":4},"end":{"line":4,"column":5}},"loc":{"start":{"line":4,"column":39},"end":{"line":11,"column":5}},"line":4},"1":{"name":"(anonymous_1)","decl":{"start":{"line":13,"column":4},"end":{"line":13,"column":5}},"loc":{"start":{"line":13,"column":42},"end":{"line":23,"column":5}},"line":13},"2":{"name":"(anonymous_2)","decl":{"start":{"line":25,"column":4},"end":{"line":25,"column":5}},"loc":{"start":{"line":25,"column":52},"end":{"line":33,"column":5}},"line":25},"3":{"name":"(anonymous_3)","decl":{"start":{"line":35,"column":4},"end":{"line":35,"column":5}},"loc":{"start":{"line":35,"column":64},"end":{"line":43,"column":5}},"line":35}},"branchMap":{},"s":{"0":0,"1":0,"2":0,"3":0,"4":1,"5":1,"6":1,"7":0,"8":0,"9":0,"10":0,"11":0,"12":0,"13":0,"14":0,"15":0,"16":0,"17":0},"f":{"0":0,"1":1,"2":0,"3":0},"b":{},"_coverageSchema":"1a1c01bbd47fc00a2c39e90264f33305004495a9","hash":"9fb662de2c5f0057a8cb14edd7ff4d727bde753b"}
,"/Users/rafflesyohanes/badminton-court-booking-project/server/helpers/bcrypt.js": {"path":"/Users/rafflesyohanes/badminton-court-booking-project/server/helpers/bcrypt.js","statementMap":{"0":{"start":{"line":4,"column":28},"end":{"line":7,"column":1}},"1":{"start":{"line":5,"column":15},"end":{"line":5,"column":37}},"2":{"start":{"line":6,"column":2},"end":{"line":6,"column":41}},"3":{"start":{"line":9,"column":31},"end":{"line":11,"column":1}},"4":{"start":{"line":10,"column":2},"end":{"line":10,"column":50}}},"fnMap":{"0":{"name":"(anonymous_0)","decl":{"start":{"line":4,"column":28},"end":{"line":4,"column":29}},"loc":{"start":{"line":4,"column":42},"end":{"line":7,"column":1}},"line":4},"1":{"name":"(anonymous_1)","decl":{"start":{"line":9,"column":31},"end":{"line":9,"column":32}},"loc":{"start":{"line":9,"column":57},"end":{"line":11,"column":1}},"line":9}},"branchMap":{},"s":{"0":1,"1":1,"2":1,"3":1,"4":0},"f":{"0":1,"1":0},"b":{},"_coverageSchema":"1a1c01bbd47fc00a2c39e90264f33305004495a9","hash":"9d37b7a904bfa5e6c955fa93ad1ebf03aaf62dfb"}
,"/Users/rafflesyohanes/badminton-court-booking-project/server/helpers/jwt.js": {"path":"/Users/rafflesyohanes/badminton-court-booking-project/server/helpers/jwt.js","statementMap":{"0":{"start":{"line":3,"column":18},"end":{"line":3,"column":53}},"1":{"start":{"line":5,"column":25},"end":{"line":7,"column":1}},"2":{"start":{"line":6,"column":2},"end":{"line":6,"column":38}},"3":{"start":{"line":9,"column":27},"end":{"line":11,"column":1}},"4":{"start":{"line":10,"column":2},"end":{"line":10,"column":38}}},"fnMap":{"0":{"name":"(anonymous_0)","decl":{"start":{"line":5,"column":25},"end":{"line":5,"column":26}},"loc":{"start":{"line":5,"column":38},"end":{"line":7,"column":1}},"line":5},"1":{"name":"(anonymous_1)","decl":{"start":{"line":9,"column":27},"end":{"line":9,"column":28}},"loc":{"start":{"line":9,"column":38},"end":{"line":11,"column":1}},"line":9}},"branchMap":{"0":{"loc":{"start":{"line":3,"column":18},"end":{"line":3,"column":53}},"type":"binary-expr","locations":[{"start":{"line":3,"column":18},"end":{"line":3,"column":40}},{"start":{"line":3,"column":44},"end":{"line":3,"column":53}}],"line":3}},"s":{"0":1,"1":1,"2":0,"3":1,"4":0},"f":{"0":0,"1":0},"b":{"0":[1,0]},"_coverageSchema":"1a1c01bbd47fc00a2c39e90264f33305004495a9","hash":"248883db54a4b825be571180522709b8a16b2b1f"}
,"/Users/rafflesyohanes/badminton-court-booking-project/server/middlewares/authentication.js": {"path":"/Users/rafflesyohanes/badminton-court-booking-project/server/middlewares/authentication.js","statementMap":{"0":{"start":{"line":3,"column":30},"end":{"line":30,"column":1}},"1":{"start":{"line":4,"column":4},"end":{"line":29,"column":5}},"2":{"start":{"line":5,"column":34},"end":{"line":5,"column":45}},"3":{"start":{"line":7,"column":8},"end":{"line":9,"column":9}},"4":{"start":{"line":8,"column":12},"end":{"line":8,"column":42}},"5":{"start":{"line":11,"column":29},"end":{"line":11,"column":56}},"6":{"start":{"line":13,"column":24},"end":{"line":13,"column":49}},"7":{"start":{"line":15,"column":21},"end":{"line":15,"column":58}},"8":{"start":{"line":18,"column":8},"end":{"line":18,"column":49}},"9":{"start":{"line":18,"column":19},"end":{"line":18,"column":49}},"10":{"start":{"line":20,"column":8},"end":{"line":24,"column":9}},"11":{"start":{"line":26,"column":8},"end":{"line":26,"column":14}},"12":{"start":{"line":28,"column":8},"end":{"line":28,"column":19}}},"fnMap":{"0":{"name":"(anonymous_0)","decl":{"start":{"line":3,"column":30},"end":{"line":3,"column":31}},"loc":{"start":{"line":3,"column":56},"end":{"line":30,"column":1}},"line":3}},"branchMap":{"0":{"loc":{"start":{"line":7,"column":8},"end":{"line":9,"column":9}},"type":"if","locations":[{"start":{"line":7,"column":8},"end":{"line":9,"column":9}},{"start":{},"end":{}}],"line":7},"1":{"loc":{"start":{"line":18,"column":8},"end":{"line":18,"column":49}},"type":"if","locations":[{"start":{"line":18,"column":8},"end":{"line":18,"column":49}},{"start":{},"end":{}}],"line":18}},"s":{"0":1,"1":0,"2":0,"3":0,"4":0,"5":0,"6":0,"7":0,"8":0,"9":0,"10":0,"11":0,"12":0},"f":{"0":0},"b":{"0":[0,0],"1":[0,0]},"_coverageSchema":"1a1c01bbd47fc00a2c39e90264f33305004495a9","hash":"a391ab91dd9d5f1098d15b6f0feb62ec415b72f2"}
,"/Users/rafflesyohanes/badminton-court-booking-project/server/middlewares/authorization.js": {"path":"/Users/rafflesyohanes/badminton-court-booking-project/server/middlewares/authorization.js","statementMap":{"0":{"start":{"line":6,"column":23},"end":{"line":20,"column":1}},"1":{"start":{"line":7,"column":4},"end":{"line":19,"column":5}},"2":{"start":{"line":8,"column":25},"end":{"line":8,"column":38}},"3":{"start":{"line":10,"column":8},"end":{"line":14,"column":9}},"4":{"start":{"line":11,"column":12},"end":{"line":13,"column":14}},"5":{"start":{"line":16,"column":8},"end":{"line":16,"column":14}},"6":{"start":{"line":18,"column":8},"end":{"line":18,"column":19}},"7":{"start":{"line":22,"column":29},"end":{"line":47,"column":1}},"8":{"start":{"line":23,"column":4},"end":{"line":46,"column":5}},"9":{"start":{"line":24,"column":33},"end":{"line":24,"column":46}},"10":{"start":{"line":26,"column":8},"end":{"line":40,"column":9}},"11":{"start":{"line":27,"column":25},"end":{"line":27,"column":51}},"12":{"start":{"line":29,"column":12},"end":{"line":29,"column":50}},"13":{"start":{"line":29,"column":23},"end":{"line":29,"column":50}},"14":{"start":{"line":31,"column":31},"end":{"line":31,"column":41}},"15":{"start":{"line":33,"column":25},"end":{"line":33,"column":60}},"16":{"start":{"line":35,"column":12},"end":{"line":35,"column":49}},"17":{"start":{"line":35,"column":23},"end":{"line":35,"column":49}},"18":{"start":{"line":37,"column":12},"end":{"line":37,"column":56}},"19":{"start":{"line":39,"column":12},"end":{"line":39,"column":74}},"20":{"start":{"line":39,"column":49},"end":{"line":39,"column":74}},"21":{"start":{"line":42,"column":8},"end":{"line":42,"column":14}},"22":{"start":{"line":44,"column":8},"end":{"line":44,"column":53}},"23":{"start":{"line":45,"column":8},"end":{"line":45,"column":20}},"24":{"start":{"line":49,"column":35},"end":{"line":71,"column":1}},"25":{"start":{"line":50,"column":4},"end":{"line":70,"column":5}},"26":{"start":{"line":51,"column":33},"end":{"line":51,"column":46}},"27":{"start":{"line":52,"column":27},"end":{"line":52,"column":37}},"28":{"start":{"line":54,"column":8},"end":{"line":65,"column":9}},"29":{"start":{"line":55,"column":29},"end":{"line":55,"column":64}},"30":{"start":{"line":57,"column":12},"end":{"line":59,"column":13}},"31":{"start":{"line":58,"column":16},"end":{"line":58,"column":75}},"32":{"start":{"line":61,"column":33},"end":{"line":61,"column":54}},"33":{"start":{"line":62,"column":12},"end":{"line":64,"column":13}},"34":{"start":{"line":63,"column":16},"end":{"line":63,"column":99}},"35":{"start":{"line":66,"column":8},"end":{"line":66,"column":15}},"36":{"start":{"line":68,"column":8},"end":{"line":68,"column":29}},"37":{"start":{"line":69,"column":8},"end":{"line":69,"column":20}}},"fnMap":{"0":{"name":"(anonymous_0)","decl":{"start":{"line":6,"column":23},"end":{"line":6,"column":24}},"loc":{"start":{"line":6,"column":49},"end":{"line":20,"column":1}},"line":6},"1":{"name":"(anonymous_1)","decl":{"start":{"line":22,"column":29},"end":{"line":22,"column":30}},"loc":{"start":{"line":22,"column":55},"end":{"line":47,"column":1}},"line":22},"2":{"name":"(anonymous_2)","decl":{"start":{"line":49,"column":35},"end":{"line":49,"column":36}},"loc":{"start":{"line":49,"column":61},"end":{"line":71,"column":1}},"line":49}},"branchMap":{"0":{"loc":{"start":{"line":10,"column":8},"end":{"line":14,"column":9}},"type":"if","locations":[{"start":{"line":10,"column":8},"end":{"line":14,"column":9}},{"start":{},"end":{}}],"line":10},"1":{"loc":{"start":{"line":26,"column":8},"end":{"line":40,"column":9}},"type":"if","locations":[{"start":{"line":26,"column":8},"end":{"line":40,"column":9}},{"start":{},"end":{}}],"line":26},"2":{"loc":{"start":{"line":29,"column":12},"end":{"line":29,"column":50}},"type":"if","locations":[{"start":{"line":29,"column":12},"end":{"line":29,"column":50}},{"start":{},"end":{}}],"line":29},"3":{"loc":{"start":{"line":35,"column":12},"end":{"line":35,"column":49}},"type":"if","locations":[{"start":{"line":35,"column":12},"end":{"line":35,"column":49}},{"start":{},"end":{}}],"line":35},"4":{"loc":{"start":{"line":39,"column":12},"end":{"line":39,"column":74}},"type":"if","locations":[{"start":{"line":39,"column":12},"end":{"line":39,"column":74}},{"start":{},"end":{}}],"line":39},"5":{"loc":{"start":{"line":54,"column":8},"end":{"line":65,"column":9}},"type":"if","locations":[{"start":{"line":54,"column":8},"end":{"line":65,"column":9}},{"start":{},"end":{}}],"line":54},"6":{"loc":{"start":{"line":57,"column":12},"end":{"line":59,"column":13}},"type":"if","locations":[{"start":{"line":57,"column":12},"end":{"line":59,"column":13}},{"start":{},"end":{}}],"line":57},"7":{"loc":{"start":{"line":62,"column":12},"end":{"line":64,"column":13}},"type":"if","locations":[{"start":{"line":62,"column":12},"end":{"line":64,"column":13}},{"start":{},"end":{}}],"line":62}},"s":{"0":1,"1":0,"2":0,"3":0,"4":0,"5":0,"6":0,"7":1,"8":0,"9":0,"10":0,"11":0,"12":0,"13":0,"14":0,"15":0,"16":0,"17":0,"18":0,"19":0,"20":0,"21":0,"22":0,"23":0,"24":1,"25":0,"26":0,"27":0,"28":0,"29":0,"30":0,"31":0,"32":0,"33":0,"34":0,"35":0,"36":0,"37":0},"f":{"0":0,"1":0,"2":0},"b":{"0":[0,0],"1":[0,0],"2":[0,0],"3":[0,0],"4":[0,0],"5":[0,0],"6":[0,0],"7":[0,0]},"_coverageSchema":"1a1c01bbd47fc00a2c39e90264f33305004495a9","hash":"7e2a016756bf580ce5ca0f6dd20214b0358865d1"}
,"/Users/rafflesyohanes/badminton-court-booking-project/server/middlewares/errorHandler.js": {"path":"/Users/rafflesyohanes/badminton-court-booking-project/server/middlewares/errorHandler.js","statementMap":{"0":{"start":{"line":1,"column":28},"end":{"line":71,"column":1}},"1":{"start":{"line":2,"column":17},"end":{"line":2,"column":20}},"2":{"start":{"line":3,"column":18},"end":{"line":3,"column":41}},"3":{"start":{"line":4,"column":4},"end":{"line":4,"column":20}},"4":{"start":{"line":5,"column":4},"end":{"line":8,"column":5}},"5":{"start":{"line":6,"column":8},"end":{"line":6,"column":20}},"6":{"start":{"line":7,"column":8},"end":{"line":7,"column":39}},"7":{"start":{"line":10,"column":4},"end":{"line":13,"column":5}},"8":{"start":{"line":11,"column":8},"end":{"line":11,"column":20}},"9":{"start":{"line":12,"column":8},"end":{"line":12,"column":39}},"10":{"start":{"line":15,"column":4},"end":{"line":18,"column":5}},"11":{"start":{"line":16,"column":8},"end":{"line":16,"column":20}},"12":{"start":{"line":17,"column":8},"end":{"line":17,"column":33}},"13":{"start":{"line":19,"column":4},"end":{"line":22,"column":5}},"14":{"start":{"line":20,"column":8},"end":{"line":20,"column":49}},"15":{"start":{"line":21,"column":8},"end":{"line":21,"column":20}},"16":{"start":{"line":24,"column":4},"end":{"line":27,"column":5}},"17":{"start":{"line":25,"column":8},"end":{"line":25,"column":50}},"18":{"start":{"line":26,"column":8},"end":{"line":26,"column":20}},"19":{"start":{"line":29,"column":4},"end":{"line":32,"column":5}},"20":{"start":{"line":30,"column":8},"end":{"line":30,"column":59}},"21":{"start":{"line":31,"column":8},"end":{"line":31,"column":20}},"22":{"start":{"line":34,"column":4},"end":{"line":37,"column":5}},"23":{"start":{"line":35,"column":8},"end":{"line":35,"column":45}},"24":{"start":{"line":36,"column":8},"end":{"line":36,"column":20}},"25":{"start":{"line":39,"column":4},"end":{"line":42,"column":5}},"26":{"start":{"line":40,"column":8},"end":{"line":40,"column":38}},"27":{"start":{"line":41,"column":8},"end":{"line":41,"column":20}},"28":{"start":{"line":44,"column":4},"end":{"line":47,"column":5}},"29":{"start":{"line":45,"column":8},"end":{"line":45,"column":44}},"30":{"start":{"line":46,"column":8},"end":{"line":46,"column":20}},"31":{"start":{"line":49,"column":4},"end":{"line":52,"column":5}},"32":{"start":{"line":50,"column":8},"end":{"line":50,"column":20}},"33":{"start":{"line":51,"column":8},"end":{"line":51,"column":34}},"34":{"start":{"line":54,"column":4},"end":{"line":57,"column":5}},"35":{"start":{"line":55,"column":8},"end":{"line":55,"column":20}},"36":{"start":{"line":56,"column":8},"end":{"line":56,"column":29}},"37":{"start":{"line":59,"column":4},"end":{"line":62,"column":5}},"38":{"start":{"line":60,"column":8},"end":{"line":60,"column":20}},"39":{"start":{"line":61,"column":8},"end":{"line":61,"column":39}},"40":{"start":{"line":64,"column":4},"end":{"line":67,"column":5}},"41":{"start":{"line":65,"column":8},"end":{"line":65,"column":20}},"42":{"start":{"line":66,"column":8},"end":{"line":66,"column":35}},"43":{"start":{"line":68,"column":4},"end":{"line":70,"column":6}}},"fnMap":{"0":{"name":"(anonymous_0)","decl":{"start":{"line":1,"column":28},"end":{"line":1,"column":29}},"loc":{"start":{"line":1,"column":53},"end":{"line":71,"column":1}},"line":1}},"branchMap":{"0":{"loc":{"start":{"line":5,"column":4},"end":{"line":8,"column":5}},"type":"if","locations":[{"start":{"line":5,"column":4},"end":{"line":8,"column":5}},{"start":{},"end":{}}],"line":5},"1":{"loc":{"start":{"line":10,"column":4},"end":{"line":13,"column":5}},"type":"if","locations":[{"start":{"line":10,"column":4},"end":{"line":13,"column":5}},{"start":{},"end":{}}],"line":10},"2":{"loc":{"start":{"line":15,"column":4},"end":{"line":18,"column":5}},"type":"if","locations":[{"start":{"line":15,"column":4},"end":{"line":18,"column":5}},{"start":{},"end":{}}],"line":15},"3":{"loc":{"start":{"line":15,"column":8},"end":{"line":15,"column":96}},"type":"binary-expr","locations":[{"start":{"line":15,"column":8},"end":{"line":15,"column":44}},{"start":{"line":15,"column":48},"end":{"line":15,"column":96}}],"line":15},"4":{"loc":{"start":{"line":19,"column":4},"end":{"line":22,"column":5}},"type":"if","locations":[{"start":{"line":19,"column":4},"end":{"line":22,"column":5}},{"start":{},"end":{}}],"line":19},"5":{"loc":{"start":{"line":24,"column":4},"end":{"line":27,"column":5}},"type":"if","locations":[{"start":{"line":24,"column":4},"end":{"line":27,"column":5}},{"start":{},"end":{}}],"line":24},"6":{"loc":{"start":{"line":29,"column":4},"end":{"line":32,"column":5}},"type":"if","locations":[{"start":{"line":29,"column":4},"end":{"line":32,"column":5}},{"start":{},"end":{}}],"line":29},"7":{"loc":{"start":{"line":34,"column":4},"end":{"line":37,"column":5}},"type":"if","locations":[{"start":{"line":34,"column":4},"end":{"line":37,"column":5}},{"start":{},"end":{}}],"line":34},"8":{"loc":{"start":{"line":39,"column":4},"end":{"line":42,"column":5}},"type":"if","locations":[{"start":{"line":39,"column":4},"end":{"line":42,"column":5}},{"start":{},"end":{}}],"line":39},"9":{"loc":{"start":{"line":39,"column":8},"end":{"line":39,"column":69}},"type":"binary-expr","locations":[{"start":{"line":39,"column":8},"end":{"line":39,"column":34}},{"start":{"line":39,"column":38},"end":{"line":39,"column":69}}],"line":39},"10":{"loc":{"start":{"line":44,"column":4},"end":{"line":47,"column":5}},"type":"if","locations":[{"start":{"line":44,"column":4},"end":{"line":47,"column":5}},{"start":{},"end":{}}],"line":44},"11":{"loc":{"start":{"line":49,"column":4},"end":{"line":52,"column":5}},"type":"if","locations":[{"start":{"line":49,"column":4},"end":{"line":52,"column":5}},{"start":{},"end":{}}],"line":49},"12":{"loc":{"start":{"line":54,"column":4},"end":{"line":57,"column":5}},"type":"if","locations":[{"start":{"line":54,"column":4},"end":{"line":57,"column":5}},{"start":{},"end":{}}],"line":54},"13":{"loc":{"start":{"line":59,"column":4},"end":{"line":62,"column":5}},"type":"if","locations":[{"start":{"line":59,"column":4},"end":{"line":62,"column":5}},{"start":{},"end":{}}],"line":59},"14":{"loc":{"start":{"line":59,"column":8},"end":{"line":59,"column":63}},"type":"binary-expr","locations":[{"start":{"line":59,"column":8},"end":{"line":59,"column":33}},{"start":{"line":59,"column":37},"end":{"line":59,"column":63}}],"line":59},"15":{"loc":{"start":{"line":64,"column":4},"end":{"line":67,"column":5}},"type":"if","locations":[{"start":{"line":64,"column":4},"end":{"line":67,"column":5}},{"start":{},"end":{}}],"line":64}},"s":{"0":1,"1":0,"2":0,"3":0,"4":0,"5":0,"6":0,"7":0,"8":0,"9":0,"10":0,"11":0,"12":0,"13":0,"14":0,"15":0,"16":0,"17":0,"18":0,"19":0,"20":0,"21":0,"22":0,"23":0,"24":0,"25":0,"26":0,"27":0,"28":0,"29":0,"30":0,"31":0,"32":0,"33":0,"34":0,"35":0,"36":0,"37":0,"38":0,"39":0,"40":0,"41":0,"42":0,"43":0},"f":{"0":0},"b":{"0":[0,0],"1":[0,0],"2":[0,0],"3":[0,0],"4":[0,0],"5":[0,0],"6":[0,0],"7":[0,0],"8":[0,0],"9":[0,0],"10":[0,0],"11":[0,0],"12":[0,0],"13":[0,0],"14":[0,0],"15":[0,0]},"_coverageSchema":"1a1c01bbd47fc00a2c39e90264f33305004495a9","hash":"ced1925338c3a23d728bb8c7279b5fd5253ff61e"}
,"/Users/rafflesyohanes/badminton-court-booking-project/server/models/booking.js": {"path":"/Users/rafflesyohanes/badminton-court-booking-project/server/models/booking.js","statementMap":{"0":{"start":{"line":6,"column":8},"end":{"line":6,"column":41}},"1":{"start":{"line":10,"column":27},"end":{"line":10,"column":47}},"2":{"start":{"line":11,"column":8},"end":{"line":11,"column":49}},"3":{"start":{"line":15,"column":20},"end":{"line":15,"column":36}},"4":{"start":{"line":16,"column":27},"end":{"line":16,"column":47}},"5":{"start":{"line":17,"column":8},"end":{"line":17,"column":49}},"6":{"start":{"line":21,"column":27},"end":{"line":21,"column":47}},"7":{"start":{"line":22,"column":8},"end":{"line":22,"column":48}},"8":{"start":{"line":26,"column":20},"end":{"line":26,"column":36}},"9":{"start":{"line":27,"column":27},"end":{"line":27,"column":47}},"10":{"start":{"line":28,"column":8},"end":{"line":28,"column":51}},"11":{"start":{"line":32,"column":20},"end":{"line":32,"column":36}},"12":{"start":{"line":33,"column":27},"end":{"line":33,"column":47}},"13":{"start":{"line":34,"column":8},"end":{"line":34,"column":73}}},"fnMap":{"0":{"name":"(anonymous_0)","decl":{"start":{"line":5,"column":4},"end":{"line":5,"column":5}},"loc":{"start":{"line":5,"column":27},"end":{"line":7,"column":5}},"line":5},"1":{"name":"(anonymous_1)","decl":{"start":{"line":9,"column":4},"end":{"line":9,"column":5}},"loc":{"start":{"line":9,"column":24},"end":{"line":12,"column":5}},"line":9},"2":{"name":"(anonymous_2)","decl":{"start":{"line":14,"column":4},"end":{"line":14,"column":5}},"loc":{"start":{"line":14,"column":30},"end":{"line":18,"column":5}},"line":14},"3":{"name":"(anonymous_3)","decl":{"start":{"line":20,"column":4},"end":{"line":20,"column":5}},"loc":{"start":{"line":20,"column":30},"end":{"line":23,"column":5}},"line":20},"4":{"name":"(anonymous_4)","decl":{"start":{"line":25,"column":4},"end":{"line":25,"column":5}},"loc":{"start":{"line":25,"column":32},"end":{"line":29,"column":5}},"line":25},"5":{"name":"(anonymous_5)","decl":{"start":{"line":31,"column":4},"end":{"line":31,"column":5}},"loc":{"start":{"line":31,"column":44},"end":{"line":35,"column":5}},"line":31}},"branchMap":{},"s":{"0":0,"1":0,"2":0,"3":0,"4":0,"5":0,"6":0,"7":0,"8":0,"9":0,"10":0,"11":0,"12":0,"13":0},"f":{"0":0,"1":0,"2":0,"3":0,"4":0,"5":0},"b":{},"_coverageSchema":"1a1c01bbd47fc00a2c39e90264f33305004495a9","hash":"85da18f0cecbd20bf4d6290d3bd34f76321908eb"}
,"/Users/rafflesyohanes/badminton-court-booking-project/server/models/building.js": {"path":"/Users/rafflesyohanes/badminton-court-booking-project/server/models/building.js","statementMap":{"0":{"start":{"line":6,"column":8},"end":{"line":6,"column":42}},"1":{"start":{"line":10,"column":27},"end":{"line":10,"column":47}},"2":{"start":{"line":11,"column":26},"end":{"line":11,"column":59}},"3":{"start":{"line":12,"column":8},"end":{"line":12,"column":25}},"4":{"start":{"line":16,"column":20},"end":{"line":16,"column":36}},"5":{"start":{"line":17,"column":27},"end":{"line":17,"column":47}},"6":{"start":{"line":19,"column":25},"end":{"line":19,"column":58}},"7":{"start":{"line":20,"column":8},"end":{"line":22,"column":9}},"8":{"start":{"line":21,"column":12},"end":{"line":21,"column":47}},"9":{"start":{"line":24,"column":8},"end":{"line":24,"column":24}},"10":{"start":{"line":28,"column":44},"end":{"line":28,"column":48}},"11":{"start":{"line":30,"column":8},"end":{"line":32,"column":9}},"12":{"start":{"line":31,"column":12},"end":{"line":31,"column":40}},"13":{"start":{"line":34,"column":27},"end":{"line":34,"column":47}},"14":{"start":{"line":35,"column":28},"end":{"line":42,"column":9}},"15":{"start":{"line":44,"column":23},"end":{"line":44,"column":62}},"16":{"start":{"line":45,"column":8},"end":{"line":45,"column":26}},"17":{"start":{"line":49,"column":20},"end":{"line":49,"column":36}},"18":{"start":{"line":50,"column":44},"end":{"line":50,"column":48}},"19":{"start":{"line":52,"column":27},"end":{"line":57,"column":9}},"20":{"start":{"line":59,"column":27},"end":{"line":59,"column":47}},"21":{"start":{"line":60,"column":23},"end":{"line":64,"column":9}},"22":{"start":{"line":66,"column":8},"end":{"line":68,"column":9}},"23":{"start":{"line":67,"column":12},"end":{"line":67,"column":69}},"24":{"start":{"line":70,"column":8},"end":{"line":70,"column":28}},"25":{"start":{"line":74,"column":20},"end":{"line":74,"column":36}},"26":{"start":{"line":75,"column":27},"end":{"line":75,"column":47}},"27":{"start":{"line":76,"column":23},"end":{"line":76,"column":58}},"28":{"start":{"line":78,"column":8},"end":{"line":80,"column":9}},"29":{"start":{"line":79,"column":12},"end":{"line":79,"column":46}},"30":{"start":{"line":82,"column":8},"end":{"line":82,"column":60}},"31":{"start":{"line":86,"column":27},"end":{"line":86,"column":47}},"32":{"start":{"line":88,"column":26},"end":{"line":98,"column":20}},"33":{"start":{"line":100,"column":8},"end":{"line":100,"column":25}},"34":{"start":{"line":104,"column":27},"end":{"line":104,"column":47}},"35":{"start":{"line":106,"column":8},"end":{"line":108,"column":9}},"36":{"start":{"line":107,"column":12},"end":{"line":107,"column":51}},"37":{"start":{"line":110,"column":25},"end":{"line":120,"column":10}},"38":{"start":{"line":122,"column":8},"end":{"line":122,"column":39}},"39":{"start":{"line":124,"column":8},"end":{"line":126,"column":9}},"40":{"start":{"line":125,"column":12},"end":{"line":125,"column":46}},"41":{"start":{"line":128,"column":8},"end":{"line":128,"column":24}}},"fnMap":{"0":{"name":"(anonymous_0)","decl":{"start":{"line":5,"column":4},"end":{"line":5,"column":5}},"loc":{"start":{"line":5,"column":27},"end":{"line":7,"column":5}},"line":5},"1":{"name":"(anonymous_1)","decl":{"start":{"line":9,"column":4},"end":{"line":9,"column":5}},"loc":{"start":{"line":9,"column":32},"end":{"line":13,"column":5}},"line":9},"2":{"name":"(anonymous_2)","decl":{"start":{"line":15,"column":4},"end":{"line":15,"column":5}},"loc":{"start":{"line":15,"column":38},"end":{"line":25,"column":5}},"line":15},"3":{"name":"(anonymous_3)","decl":{"start":{"line":27,"column":4},"end":{"line":27,"column":5}},"loc":{"start":{"line":27,"column":49},"end":{"line":46,"column":5}},"line":27},"4":{"name":"(anonymous_4)","decl":{"start":{"line":48,"column":4},"end":{"line":48,"column":5}},"loc":{"start":{"line":48,"column":42},"end":{"line":71,"column":5}},"line":48},"5":{"name":"(anonymous_5)","decl":{"start":{"line":73,"column":4},"end":{"line":73,"column":5}},"loc":{"start":{"line":73,"column":36},"end":{"line":83,"column":5}},"line":73},"6":{"name":"(anonymous_6)","decl":{"start":{"line":85,"column":4},"end":{"line":85,"column":5}},"loc":{"start":{"line":85,"column":80},"end":{"line":101,"column":5}},"line":85},"7":{"name":"(anonymous_7)","decl":{"start":{"line":103,"column":4},"end":{"line":103,"column":5}},"loc":{"start":{"line":103,"column":64},"end":{"line":129,"column":5}},"line":103}},"branchMap":{"0":{"loc":{"start":{"line":20,"column":8},"end":{"line":22,"column":9}},"type":"if","locations":[{"start":{"line":20,"column":8},"end":{"line":22,"column":9}},{"start":{},"end":{}}],"line":20},"1":{"loc":{"start":{"line":30,"column":8},"end":{"line":32,"column":9}},"type":"if","locations":[{"start":{"line":30,"column":8},"end":{"line":32,"column":9}},{"start":{},"end":{}}],"line":30},"2":{"loc":{"start":{"line":30,"column":12},"end":{"line":30,"column":85}},"type":"binary-expr","locations":[{"start":{"line":30,"column":12},"end":{"line":30,"column":17}},{"start":{"line":30,"column":21},"end":{"line":30,"column":29}},{"start":{"line":30,"column":33},"end":{"line":30,"column":42}},{"start":{"line":30,"column":46},"end":{"line":30,"column":60}},{"start":{"line":30,"column":64},"end":{"line":30,"column":85}}],"line":30},"3":{"loc":{"start":{"line":53,"column":16},"end":{"line":53,"column":32}},"type":"binary-expr","locations":[{"start":{"line":53,"column":16},"end":{"line":53,"column":20}},{"start":{"line":53,"column":24},"end":{"line":53,"column":32}}],"line":53},"4":{"loc":{"start":{"line":54,"column":16},"end":{"line":54,"column":38}},"type":"binary-expr","locations":[{"start":{"line":54,"column":16},"end":{"line":54,"column":23}},{"start":{"line":54,"column":27},"end":{"line":54,"column":38}}],"line":54},"5":{"loc":{"start":{"line":55,"column":16},"end":{"line":55,"column":40}},"type":"binary-expr","locations":[{"start":{"line":55,"column":16},"end":{"line":55,"column":24}},{"start":{"line":55,"column":28},"end":{"line":55,"column":40}}],"line":55},"6":{"loc":{"start":{"line":66,"column":8},"end":{"line":68,"column":9}},"type":"if","locations":[{"start":{"line":66,"column":8},"end":{"line":68,"column":9}},{"start":{},"end":{}}],"line":66},"7":{"loc":{"start":{"line":78,"column":8},"end":{"line":80,"column":9}},"type":"if","locations":[{"start":{"line":78,"column":8},"end":{"line":80,"column":9}},{"start":{},"end":{}}],"line":78},"8":{"loc":{"start":{"line":85,"column":52},"end":{"line":85,"column":78}},"type":"default-arg","locations":[{"start":{"line":85,"column":74},"end":{"line":85,"column":78}}],"line":85},"9":{"loc":{"start":{"line":106,"column":8},"end":{"line":108,"column":9}},"type":"if","locations":[{"start":{"line":106,"column":8},"end":{"line":108,"column":9}},{"start":{},"end":{}}],"line":106},"10":{"loc":{"start":{"line":106,"column":12},"end":{"line":106,"column":73}},"type":"binary-expr","locations":[{"start":{"line":106,"column":12},"end":{"line":106,"column":41}},{"start":{"line":106,"column":45},"end":{"line":106,"column":73}}],"line":106},"11":{"loc":{"start":{"line":124,"column":8},"end":{"line":126,"column":9}},"type":"if","locations":[{"start":{"line":124,"column":8},"end":{"line":126,"column":9}},{"start":{},"end":{}}],"line":124}},"s":{"0":0,"1":0,"2":0,"3":0,"4":0,"5":0,"6":0,"7":0,"8":0,"9":0,"10":0,"11":0,"12":0,"13":0,"14":0,"15":0,"16":0,"17":0,"18":0,"19":0,"20":0,"21":0,"22":0,"23":0,"24":0,"25":0,"26":0,"27":0,"28":0,"29":0,"30":0,"31":0,"32":0,"33":0,"34":0,"35":0,"36":0,"37":0,"38":0,"39":0,"40":0,"41":0},"f":{"0":0,"1":0,"2":0,"3":0,"4":0,"5":0,"6":0,"7":0},"b":{"0":[0,0],"1":[0,0],"2":[0,0,0,0,0],"3":[0,0],"4":[0,0],"5":[0,0],"6":[0,0],"7":[0,0],"8":[0],"9":[0,0],"10":[0,0],"11":[0,0]},"_coverageSchema":"1a1c01bbd47fc00a2c39e90264f33305004495a9","hash":"6d88f048f178dccf96d738779ee6835324cc307e"}
,"/Users/rafflesyohanes/badminton-court-booking-project/server/models/court.js": {"path":"/Users/rafflesyohanes/badminton-court-booking-project/server/models/court.js","statementMap":{"0":{"start":{"line":7,"column":8},"end":{"line":7,"column":39}},"1":{"start":{"line":23,"column":12},"end":{"line":23,"column":16}},"2":{"start":{"line":25,"column":41},"end":{"line":25,"column":89}},"3":{"start":{"line":27,"column":8},"end":{"line":29,"column":9}},"4":{"start":{"line":28,"column":12},"end":{"line":28,"column":50}},"5":{"start":{"line":31,"column":25},"end":{"line":45,"column":9}},"6":{"start":{"line":47,"column":8},"end":{"line":47,"column":55}},"7":{"start":{"line":49,"column":8},"end":{"line":49,"column":54}},"8":{"start":{"line":53,"column":8},"end":{"line":64,"column":23}},"9":{"start":{"line":68,"column":22},"end":{"line":80,"column":22}},"10":{"start":{"line":82,"column":8},"end":{"line":82,"column":64}},"11":{"start":{"line":82,"column":32},"end":{"line":82,"column":64}},"12":{"start":{"line":83,"column":8},"end":{"line":83,"column":24}},"13":{"start":{"line":98,"column":12},"end":{"line":98,"column":16}},"14":{"start":{"line":100,"column":27},"end":{"line":112,"column":9}},"15":{"start":{"line":114,"column":23},"end":{"line":118,"column":9}},"16":{"start":{"line":120,"column":8},"end":{"line":120,"column":59}},"17":{"start":{"line":120,"column":27},"end":{"line":120,"column":59}},"18":{"start":{"line":121,"column":8},"end":{"line":121,"column":28}},"19":{"start":{"line":125,"column":23},"end":{"line":125,"column":86}},"20":{"start":{"line":126,"column":8},"end":{"line":126,"column":71}},"21":{"start":{"line":126,"column":39},"end":{"line":126,"column":71}},"22":{"start":{"line":127,"column":8},"end":{"line":127,"column":57}},"23":{"start":{"line":131,"column":27},"end":{"line":131,"column":47}},"24":{"start":{"line":133,"column":25},"end":{"line":143,"column":9}},"25":{"start":{"line":145,"column":23},"end":{"line":145,"column":69}},"26":{"start":{"line":146,"column":8},"end":{"line":146,"column":38}},"27":{"start":{"line":147,"column":8},"end":{"line":149,"column":9}},"28":{"start":{"line":148,"column":12},"end":{"line":148,"column":47}},"29":{"start":{"line":150,"column":8},"end":{"line":150,"column":25}}},"fnMap":{"0":{"name":"(anonymous_0)","decl":{"start":{"line":6,"column":4},"end":{"line":6,"column":5}},"loc":{"start":{"line":6,"column":27},"end":{"line":8,"column":5}},"line":6},"1":{"name":"(anonymous_1)","decl":{"start":{"line":10,"column":4},"end":{"line":10,"column":5}},"loc":{"start":{"line":10,"column":35},"end":{"line":50,"column":5}},"line":10},"2":{"name":"(anonymous_2)","decl":{"start":{"line":52,"column":4},"end":{"line":52,"column":5}},"loc":{"start":{"line":52,"column":30},"end":{"line":65,"column":5}},"line":52},"3":{"name":"(anonymous_3)","decl":{"start":{"line":67,"column":4},"end":{"line":67,"column":5}},"loc":{"start":{"line":67,"column":35},"end":{"line":84,"column":5}},"line":67},"4":{"name":"(anonymous_4)","decl":{"start":{"line":86,"column":4},"end":{"line":86,"column":5}},"loc":{"start":{"line":86,"column":39},"end":{"line":122,"column":5}},"line":86},"5":{"name":"(anonymous_5)","decl":{"start":{"line":124,"column":4},"end":{"line":124,"column":5}},"loc":{"start":{"line":124,"column":33},"end":{"line":128,"column":5}},"line":124},"6":{"name":"(anonymous_6)","decl":{"start":{"line":130,"column":4},"end":{"line":130,"column":5}},"loc":{"start":{"line":130,"column":48},"end":{"line":151,"column":5}},"line":130}},"branchMap":{"0":{"loc":{"start":{"line":27,"column":8},"end":{"line":29,"column":9}},"type":"if","locations":[{"start":{"line":27,"column":8},"end":{"line":29,"column":9}},{"start":{},"end":{}}],"line":27},"1":{"loc":{"start":{"line":82,"column":8},"end":{"line":82,"column":64}},"type":"if","locations":[{"start":{"line":82,"column":8},"end":{"line":82,"column":64}},{"start":{},"end":{}}],"line":82},"2":{"loc":{"start":{"line":101,"column":16},"end":{"line":101,"column":40}},"type":"binary-expr","locations":[{"start":{"line":101,"column":16},"end":{"line":101,"column":24}},{"start":{"line":101,"column":28},"end":{"line":101,"column":40}}],"line":101},"3":{"loc":{"start":{"line":102,"column":16},"end":{"line":102,"column":32}},"type":"binary-expr","locations":[{"start":{"line":102,"column":16},"end":{"line":102,"column":20}},{"start":{"line":102,"column":24},"end":{"line":102,"column":32}}],"line":102},"4":{"loc":{"start":{"line":103,"column":16},"end":{"line":103,"column":46}},"type":"binary-expr","locations":[{"start":{"line":103,"column":16},"end":{"line":103,"column":27}},{"start":{"line":103,"column":31},"end":{"line":103,"column":46}}],"line":103},"5":{"loc":{"start":{"line":104,"column":16},"end":{"line":104,"column":42}},"type":"binary-expr","locations":[{"start":{"line":104,"column":16},"end":{"line":104,"column":25}},{"start":{"line":104,"column":29},"end":{"line":104,"column":42}}],"line":104},"6":{"loc":{"start":{"line":105,"column":16},"end":{"line":105,"column":38}},"type":"binary-expr","locations":[{"start":{"line":105,"column":16},"end":{"line":105,"column":23}},{"start":{"line":105,"column":27},"end":{"line":105,"column":38}}],"line":105},"7":{"loc":{"start":{"line":106,"column":16},"end":{"line":106,"column":48}},"type":"binary-expr","locations":[{"start":{"line":106,"column":16},"end":{"line":106,"column":28}},{"start":{"line":106,"column":32},"end":{"line":106,"column":48}}],"line":106},"8":{"loc":{"start":{"line":107,"column":16},"end":{"line":107,"column":48}},"type":"binary-expr","locations":[{"start":{"line":107,"column":16},"end":{"line":107,"column":28}},{"start":{"line":107,"column":32},"end":{"line":107,"column":48}}],"line":107},"9":{"loc":{"start":{"line":108,"column":16},"end":{"line":108,"column":34}},"type":"binary-expr","locations":[{"start":{"line":108,"column":16},"end":{"line":108,"column":21}},{"start":{"line":108,"column":25},"end":{"line":108,"column":34}}],"line":108},"10":{"loc":{"start":{"line":109,"column":16},"end":{"line":109,"column":28}},"type":"binary-expr","locations":[{"start":{"line":109,"column":16},"end":{"line":109,"column":18}},{"start":{"line":109,"column":22},"end":{"line":109,"column":28}}],"line":109},"11":{"loc":{"start":{"line":110,"column":16},"end":{"line":110,"column":40}},"type":"binary-expr","locations":[{"start":{"line":110,"column":16},"end":{"line":110,"column":24}},{"start":{"line":110,"column":28},"end":{"line":110,"column":40}}],"line":110},"12":{"loc":{"start":{"line":120,"column":8},"end":{"line":120,"column":59}},"type":"if","locations":[{"start":{"line":120,"column":8},"end":{"line":120,"column":59}},{"start":{},"end":{}}],"line":120},"13":{"loc":{"start":{"line":126,"column":8},"end":{"line":126,"column":71}},"type":"if","locations":[{"start":{"line":126,"column":8},"end":{"line":126,"column":71}},{"start":{},"end":{}}],"line":126},"14":{"loc":{"start":{"line":147,"column":8},"end":{"line":149,"column":9}},"type":"if","locations":[{"start":{"line":147,"column":8},"end":{"line":149,"column":9}},{"start":{},"end":{}}],"line":147}},"s":{"0":0,"1":0,"2":0,"3":0,"4":0,"5":0,"6":0,"7":0,"8":0,"9":0,"10":0,"11":0,"12":0,"13":0,"14":0,"15":0,"16":0,"17":0,"18":0,"19":0,"20":0,"21":0,"22":0,"23":0,"24":0,"25":0,"26":0,"27":0,"28":0,"29":0},"f":{"0":0,"1":0,"2":0,"3":0,"4":0,"5":0,"6":0},"b":{"0":[0,0],"1":[0,0],"2":[0,0],"3":[0,0],"4":[0,0],"5":[0,0],"6":[0,0],"7":[0,0],"8":[0,0],"9":[0,0],"10":[0,0],"11":[0,0],"12":[0,0],"13":[0,0],"14":[0,0]},"_coverageSchema":"1a1c01bbd47fc00a2c39e90264f33305004495a9","hash":"f25ada45020d62b8e0c7b4d0ee3028f74eacf413"}
,"/Users/rafflesyohanes/badminton-court-booking-project/server/models/message.js": {"path":"/Users/rafflesyohanes/badminton-court-booking-project/server/models/message.js","statementMap":{"0":{"start":{"line":6,"column":8},"end":{"line":6,"column":41}},"1":{"start":{"line":11,"column":27},"end":{"line":11,"column":47}},"2":{"start":{"line":12,"column":27},"end":{"line":18,"column":9}},"3":{"start":{"line":20,"column":23},"end":{"line":20,"column":61}},"4":{"start":{"line":21,"column":8},"end":{"line":21,"column":57}},"5":{"start":{"line":26,"column":27},"end":{"line":26,"column":47}},"6":{"start":{"line":27,"column":21},"end":{"line":27,"column":39}},"7":{"start":{"line":29,"column":25},"end":{"line":34,"column":22}},"8":{"start":{"line":36,"column":8},"end":{"line":36,"column":24}}},"fnMap":{"0":{"name":"(anonymous_0)","decl":{"start":{"line":5,"column":4},"end":{"line":5,"column":5}},"loc":{"start":{"line":5,"column":27},"end":{"line":7,"column":5}},"line":5},"1":{"name":"(anonymous_1)","decl":{"start":{"line":10,"column":4},"end":{"line":10,"column":5}},"loc":{"start":{"line":10,"column":54},"end":{"line":22,"column":5}},"line":10},"2":{"name":"(anonymous_2)","decl":{"start":{"line":25,"column":4},"end":{"line":25,"column":5}},"loc":{"start":{"line":25,"column":58},"end":{"line":37,"column":5}},"line":25}},"branchMap":{},"s":{"0":0,"1":0,"2":0,"3":0,"4":0,"5":0,"6":0,"7":0,"8":0},"f":{"0":0,"1":0,"2":0},"b":{},"_coverageSchema":"1a1c01bbd47fc00a2c39e90264f33305004495a9","hash":"24e5f5914130fcb2c8afa97adc00ddd6dc4e6f1f"}
,"/Users/rafflesyohanes/badminton-court-booking-project/server/models/room.js": {"path":"/Users/rafflesyohanes/badminton-court-booking-project/server/models/room.js","statementMap":{"0":{"start":{"line":6,"column":8},"end":{"line":6,"column":38}},"1":{"start":{"line":11,"column":27},"end":{"line":11,"column":47}},"2":{"start":{"line":12,"column":8},"end":{"line":15,"column":11}},"3":{"start":{"line":20,"column":27},"end":{"line":20,"column":47}},"4":{"start":{"line":22,"column":29},"end":{"line":22,"column":46}},"5":{"start":{"line":24,"column":24},"end":{"line":29,"column":9}},"6":{"start":{"line":31,"column":23},"end":{"line":31,"column":58}},"7":{"start":{"line":32,"column":8},"end":{"line":32,"column":54}},"8":{"start":{"line":37,"column":27},"end":{"line":37,"column":47}},"9":{"start":{"line":38,"column":8},"end":{"line":38,"column":71}},"10":{"start":{"line":43,"column":27},"end":{"line":43,"column":47}},"11":{"start":{"line":44,"column":8},"end":{"line":44,"column":49}},"12":{"start":{"line":49,"column":27},"end":{"line":49,"column":47}},"13":{"start":{"line":50,"column":23},"end":{"line":50,"column":80}},"14":{"start":{"line":51,"column":8},"end":{"line":51,"column":39}}},"fnMap":{"0":{"name":"(anonymous_0)","decl":{"start":{"line":5,"column":4},"end":{"line":5,"column":5}},"loc":{"start":{"line":5,"column":27},"end":{"line":7,"column":5}},"line":5},"1":{"name":"(anonymous_1)","decl":{"start":{"line":10,"column":4},"end":{"line":10,"column":5}},"loc":{"start":{"line":10,"column":64},"end":{"line":16,"column":5}},"line":10},"2":{"name":"(anonymous_2)","decl":{"start":{"line":19,"column":4},"end":{"line":19,"column":5}},"loc":{"start":{"line":19,"column":51},"end":{"line":33,"column":5}},"line":19},"3":{"name":"(anonymous_3)","decl":{"start":{"line":36,"column":4},"end":{"line":36,"column":5}},"loc":{"start":{"line":36,"column":37},"end":{"line":39,"column":5}},"line":36},"4":{"name":"(anonymous_4)","decl":{"start":{"line":42,"column":4},"end":{"line":42,"column":5}},"loc":{"start":{"line":42,"column":27},"end":{"line":45,"column":5}},"line":42},"5":{"name":"(anonymous_5)","decl":{"start":{"line":48,"column":4},"end":{"line":48,"column":5}},"loc":{"start":{"line":48,"column":40},"end":{"line":52,"column":5}},"line":48}},"branchMap":{},"s":{"0":0,"1":0,"2":0,"3":0,"4":0,"5":0,"6":0,"7":0,"8":0,"9":0,"10":0,"11":0,"12":0,"13":0,"14":0},"f":{"0":0,"1":0,"2":0,"3":0,"4":0,"5":0},"b":{},"_coverageSchema":"1a1c01bbd47fc00a2c39e90264f33305004495a9","hash":"58e9efd0f9bc9cbc328b6444e52052caf90e1134"}
,"/Users/rafflesyohanes/badminton-court-booking-project/server/models/user.js": {"path":"/Users/rafflesyohanes/badminton-court-booking-project/server/models/user.js","statementMap":{"0":{"start":{"line":11,"column":4},"end":{"line":11,"column":34}},"1":{"start":{"line":16,"column":23},"end":{"line":16,"column":43}},"2":{"start":{"line":17,"column":4},"end":{"line":17,"column":45}},"3":{"start":{"line":22,"column":16},"end":{"line":22,"column":32}},"4":{"start":{"line":23,"column":23},"end":{"line":23,"column":43}},"5":{"start":{"line":24,"column":17},"end":{"line":24,"column":50}},"6":{"start":{"line":25,"column":4},"end":{"line":25,"column":42}},"7":{"start":{"line":25,"column":15},"end":{"line":25,"column":42}},"8":{"start":{"line":26,"column":4},"end":{"line":26,"column":16}},"9":{"start":{"line":31,"column":57},"end":{"line":31,"column":61}},"10":{"start":{"line":32,"column":23},"end":{"line":32,"column":43}},"11":{"start":{"line":35,"column":25},"end":{"line":35,"column":60}},"12":{"start":{"line":36,"column":4},"end":{"line":36,"column":52}},"13":{"start":{"line":36,"column":22},"end":{"line":36,"column":52}},"14":{"start":{"line":39,"column":27},"end":{"line":39,"column":49}},"15":{"start":{"line":41,"column":26},"end":{"line":41,"column":67}},"16":{"start":{"line":42,"column":30},"end":{"line":42,"column":68}},"17":{"start":{"line":45,"column":20},"end":{"line":54,"column":5}},"18":{"start":{"line":56,"column":19},"end":{"line":56,"column":54}},"19":{"start":{"line":57,"column":4},"end":{"line":57,"column":17}},"20":{"start":{"line":62,"column":32},"end":{"line":62,"column":36}},"21":{"start":{"line":63,"column":23},"end":{"line":63,"column":43}},"22":{"start":{"line":65,"column":4},"end":{"line":67,"column":5}},"23":{"start":{"line":66,"column":6},"end":{"line":66,"column":35}},"24":{"start":{"line":70,"column":17},"end":{"line":70,"column":52}},"25":{"start":{"line":71,"column":4},"end":{"line":71,"column":44}},"26":{"start":{"line":71,"column":15},"end":{"line":71,"column":44}},"27":{"start":{"line":74,"column":4},"end":{"line":76,"column":5}},"28":{"start":{"line":75,"column":6},"end":{"line":75,"column":35}},"29":{"start":{"line":78,"column":20},"end":{"line":82,"column":5}},"30":{"start":{"line":84,"column":25},"end":{"line":84,"column":43}},"31":{"start":{"line":86,"column":4},"end":{"line":89,"column":6}},"32":{"start":{"line":93,"column":23},"end":{"line":93,"column":43}},"33":{"start":{"line":94,"column":21},"end":{"line":94,"column":63}},"34":{"start":{"line":95,"column":4},"end":{"line":95,"column":45}},"35":{"start":{"line":95,"column":19},"end":{"line":95,"column":45}},"36":{"start":{"line":96,"column":4},"end":{"line":96,"column":19}},"37":{"start":{"line":100,"column":23},"end":{"line":100,"column":43}},"38":{"start":{"line":102,"column":4},"end":{"line":104,"column":5}},"39":{"start":{"line":103,"column":6},"end":{"line":103,"column":47}},"40":{"start":{"line":106,"column":23},"end":{"line":112,"column":5}},"41":{"start":{"line":114,"column":19},"end":{"line":118,"column":5}},"42":{"start":{"line":120,"column":4},"end":{"line":122,"column":5}},"43":{"start":{"line":121,"column":6},"end":{"line":121,"column":40}},"44":{"start":{"line":124,"column":4},"end":{"line":124,"column":24}},"45":{"start":{"line":128,"column":23},"end":{"line":128,"column":43}},"46":{"start":{"line":130,"column":17},"end":{"line":130,"column":55}},"47":{"start":{"line":131,"column":4},"end":{"line":133,"column":5}},"48":{"start":{"line":132,"column":6},"end":{"line":132,"column":49}},"49":{"start":{"line":135,"column":25},"end":{"line":135,"column":50}},"50":{"start":{"line":138,"column":22},"end":{"line":138,"column":82}},"51":{"start":{"line":139,"column":4},"end":{"line":139,"column":21}}},"fnMap":{"0":{"name":"(anonymous_0)","decl":{"start":{"line":10,"column":2},"end":{"line":10,"column":3}},"loc":{"start":{"line":10,"column":25},"end":{"line":12,"column":3}},"line":10},"1":{"name":"(anonymous_1)","decl":{"start":{"line":15,"column":2},"end":{"line":15,"column":3}},"loc":{"start":{"line":15,"column":21},"end":{"line":18,"column":3}},"line":15},"2":{"name":"(anonymous_2)","decl":{"start":{"line":21,"column":2},"end":{"line":21,"column":3}},"loc":{"start":{"line":21,"column":27},"end":{"line":27,"column":3}},"line":21},"3":{"name":"(anonymous_3)","decl":{"start":{"line":30,"column":2},"end":{"line":30,"column":3}},"loc":{"start":{"line":30,"column":30},"end":{"line":58,"column":3}},"line":30},"4":{"name":"(anonymous_4)","decl":{"start":{"line":61,"column":2},"end":{"line":61,"column":3}},"loc":{"start":{"line":61,"column":27},"end":{"line":90,"column":3}},"line":61},"5":{"name":"(anonymous_5)","decl":{"start":{"line":92,"column":2},"end":{"line":92,"column":3}},"loc":{"start":{"line":92,"column":34},"end":{"line":97,"column":3}},"line":92},"6":{"name":"(anonymous_6)","decl":{"start":{"line":99,"column":2},"end":{"line":99,"column":3}},"loc":{"start":{"line":99,"column":54},"end":{"line":125,"column":3}},"line":99},"7":{"name":"(anonymous_7)","decl":{"start":{"line":127,"column":2},"end":{"line":127,"column":3}},"loc":{"start":{"line":127,"column":46},"end":{"line":140,"column":3}},"line":127}},"branchMap":{"0":{"loc":{"start":{"line":25,"column":4},"end":{"line":25,"column":42}},"type":"if","locations":[{"start":{"line":25,"column":4},"end":{"line":25,"column":42}},{"start":{},"end":{}}],"line":25},"1":{"loc":{"start":{"line":31,"column":39},"end":{"line":31,"column":52}},"type":"default-arg","locations":[{"start":{"line":31,"column":46},"end":{"line":31,"column":52}}],"line":31},"2":{"loc":{"start":{"line":36,"column":4},"end":{"line":36,"column":52}},"type":"if","locations":[{"start":{"line":36,"column":4},"end":{"line":36,"column":52}},{"start":{},"end":{}}],"line":36},"3":{"loc":{"start":{"line":65,"column":4},"end":{"line":67,"column":5}},"type":"if","locations":[{"start":{"line":65,"column":4},"end":{"line":67,"column":5}},{"start":{},"end":{}}],"line":65},"4":{"loc":{"start":{"line":65,"column":8},"end":{"line":65,"column":27}},"type":"binary-expr","locations":[{"start":{"line":65,"column":8},"end":{"line":65,"column":14}},{"start":{"line":65,"column":18},"end":{"line":65,"column":27}}],"line":65},"5":{"loc":{"start":{"line":71,"column":4},"end":{"line":71,"column":44}},"type":"if","locations":[{"start":{"line":71,"column":4},"end":{"line":71,"column":44}},{"start":{},"end":{}}],"line":71},"6":{"loc":{"start":{"line":74,"column":4},"end":{"line":76,"column":5}},"type":"if","locations":[{"start":{"line":74,"column":4},"end":{"line":76,"column":5}},{"start":{},"end":{}}],"line":74},"7":{"loc":{"start":{"line":95,"column":4},"end":{"line":95,"column":45}},"type":"if","locations":[{"start":{"line":95,"column":4},"end":{"line":95,"column":45}},{"start":{},"end":{}}],"line":95},"8":{"loc":{"start":{"line":102,"column":4},"end":{"line":104,"column":5}},"type":"if","locations":[{"start":{"line":102,"column":4},"end":{"line":104,"column":5}},{"start":{},"end":{}}],"line":102},"9":{"loc":{"start":{"line":102,"column":8},"end":{"line":102,"column":79}},"type":"binary-expr","locations":[{"start":{"line":102,"column":8},"end":{"line":102,"column":17}},{"start":{"line":102,"column":21},"end":{"line":102,"column":42}},{"start":{"line":102,"column":46},"end":{"line":102,"column":79}}],"line":102},"10":{"loc":{"start":{"line":120,"column":4},"end":{"line":122,"column":5}},"type":"if","locations":[{"start":{"line":120,"column":4},"end":{"line":122,"column":5}},{"start":{},"end":{}}],"line":120},"11":{"loc":{"start":{"line":131,"column":4},"end":{"line":133,"column":5}},"type":"if","locations":[{"start":{"line":131,"column":4},"end":{"line":133,"column":5}},{"start":{},"end":{}}],"line":131},"12":{"loc":{"start":{"line":131,"column":8},"end":{"line":131,"column":31}},"type":"binary-expr","locations":[{"start":{"line":131,"column":8},"end":{"line":131,"column":13}},{"start":{"line":131,"column":17},"end":{"line":131,"column":31}}],"line":131}},"s":{"0":2,"1":0,"2":0,"3":0,"4":0,"5":0,"6":0,"7":0,"8":0,"9":1,"10":1,"11":1,"12":1,"13":0,"14":1,"15":1,"16":1,"17":1,"18":1,"19":1,"20":0,"21":0,"22":0,"23":0,"24":0,"25":0,"26":0,"27":0,"28":0,"29":0,"30":0,"31":0,"32":0,"33":0,"34":0,"35":0,"36":0,"37":0,"38":0,"39":0,"40":0,"41":0,"42":0,"43":0,"44":0,"45":0,"46":0,"47":0,"48":0,"49":0,"50":0,"51":0},"f":{"0":2,"1":0,"2":0,"3":1,"4":0,"5":0,"6":0,"7":0},"b":{"0":[0,0],"1":[1],"2":[0,1],"3":[0,0],"4":[0,0],"5":[0,0],"6":[0,0],"7":[0,0],"8":[0,0],"9":[0,0,0],"10":[0,0],"11":[0,0],"12":[0,0]},"_coverageSchema":"1a1c01bbd47fc00a2c39e90264f33305004495a9","hash":"95fe40d30dd462210b3fb8e5797f69e52fcafb62"}
,"/Users/rafflesyohanes/badminton-court-booking-project/server/router/booking.js": {"path":"/Users/rafflesyohanes/badminton-court-booking-project/server/router/booking.js","statementMap":{"0":{"start":{"line":6,"column":19},"end":{"line":6,"column":35}},"1":{"start":{"line":9,"column":4},"end":{"line":9,"column":50}},"2":{"start":{"line":10,"column":4},"end":{"line":10,"column":51}},"3":{"start":{"line":11,"column":4},"end":{"line":11,"column":59}},"4":{"start":{"line":12,"column":4},"end":{"line":12,"column":66}},"5":{"start":{"line":14,"column":4},"end":{"line":14,"column":17}}},"fnMap":{"0":{"name":"bookingRouter","decl":{"start":{"line":5,"column":24},"end":{"line":5,"column":37}},"loc":{"start":{"line":5,"column":40},"end":{"line":16,"column":1}},"line":5}},"branchMap":{},"s":{"0":1,"1":1,"2":1,"3":1,"4":1,"5":1},"f":{"0":1},"b":{},"_coverageSchema":"1a1c01bbd47fc00a2c39e90264f33305004495a9","hash":"8c2043fb1811a32f766b4e5187fdae23c0d0acee"}
,"/Users/rafflesyohanes/badminton-court-booking-project/server/router/buildings.js": {"path":"/Users/rafflesyohanes/badminton-court-booking-project/server/router/buildings.js","statementMap":{"0":{"start":{"line":7,"column":19},"end":{"line":7,"column":35}},"1":{"start":{"line":9,"column":4},"end":{"line":9,"column":64}},"2":{"start":{"line":10,"column":4},"end":{"line":10,"column":55}},"3":{"start":{"line":11,"column":4},"end":{"line":11,"column":58}},"4":{"start":{"line":12,"column":4},"end":{"line":12,"column":57}},"5":{"start":{"line":13,"column":4},"end":{"line":13,"column":60}},"6":{"start":{"line":14,"column":4},"end":{"line":14,"column":75}},"7":{"start":{"line":15,"column":4},"end":{"line":15,"column":77}},"8":{"start":{"line":17,"column":4},"end":{"line":17,"column":17}}},"fnMap":{"0":{"name":"buildingRouter","decl":{"start":{"line":6,"column":24},"end":{"line":6,"column":38}},"loc":{"start":{"line":6,"column":41},"end":{"line":18,"column":1}},"line":6}},"branchMap":{},"s":{"0":1,"1":1,"2":1,"3":1,"4":1,"5":1,"6":1,"7":1,"8":1},"f":{"0":1},"b":{},"_coverageSchema":"1a1c01bbd47fc00a2c39e90264f33305004495a9","hash":"913dcce3b3bb48370a237068ab9f64544c52086f"}
,"/Users/rafflesyohanes/badminton-court-booking-project/server/router/courts.js": {"path":"/Users/rafflesyohanes/badminton-court-booking-project/server/router/courts.js","statementMap":{"0":{"start":{"line":5,"column":19},"end":{"line":5,"column":35}},"1":{"start":{"line":7,"column":4},"end":{"line":7,"column":44}},"2":{"start":{"line":8,"column":4},"end":{"line":8,"column":48}},"3":{"start":{"line":9,"column":4},"end":{"line":9,"column":45}},"4":{"start":{"line":10,"column":4},"end":{"line":10,"column":47}},"5":{"start":{"line":11,"column":4},"end":{"line":11,"column":50}},"6":{"start":{"line":12,"column":4},"end":{"line":12,"column":76}},"7":{"start":{"line":14,"column":4},"end":{"line":14,"column":17}}},"fnMap":{"0":{"name":"courtRouter","decl":{"start":{"line":4,"column":24},"end":{"line":4,"column":35}},"loc":{"start":{"line":4,"column":38},"end":{"line":15,"column":1}},"line":4}},"branchMap":{},"s":{"0":1,"1":1,"2":1,"3":1,"4":1,"5":1,"6":1,"7":1},"f":{"0":1},"b":{},"_coverageSchema":"1a1c01bbd47fc00a2c39e90264f33305004495a9","hash":"13b122bd4c994f89c36dcc22e25cb779dbaa553f"}
,"/Users/rafflesyohanes/badminton-court-booking-project/server/router/index.js": {"path":"/Users/rafflesyohanes/badminton-court-booking-project/server/router/index.js","statementMap":{"0":{"start":{"line":10,"column":22},"end":{"line":10,"column":38}},"1":{"start":{"line":12,"column":0},"end":{"line":12,"column":49}},"2":{"start":{"line":13,"column":0},"end":{"line":13,"column":43}},"3":{"start":{"line":15,"column":0},"end":{"line":15,"column":26}},"4":{"start":{"line":17,"column":0},"end":{"line":17,"column":42}},"5":{"start":{"line":18,"column":0},"end":{"line":18,"column":36}},"6":{"start":{"line":19,"column":0},"end":{"line":19,"column":33}},"7":{"start":{"line":20,"column":0},"end":{"line":20,"column":39}},"8":{"start":{"line":21,"column":0},"end":{"line":21,"column":39}},"9":{"start":{"line":24,"column":0},"end":{"line":24,"column":24}}},"fnMap":{},"branchMap":{},"s":{"0":1,"1":1,"2":1,"3":1,"4":1,"5":1,"6":1,"7":1,"8":1,"9":1},"f":{},"b":{},"_coverageSchema":"1a1c01bbd47fc00a2c39e90264f33305004495a9","hash":"cc71679581e89e32425c8f6c6cae2653b1756f7c"}
,"/Users/rafflesyohanes/badminton-court-booking-project/server/router/message.js": {"path":"/Users/rafflesyohanes/badminton-court-booking-project/server/router/message.js","statementMap":{"0":{"start":{"line":6,"column":19},"end":{"line":6,"column":35}},"1":{"start":{"line":7,"column":4},"end":{"line":7,"column":77}},"2":{"start":{"line":8,"column":4},"end":{"line":8,"column":79}},"3":{"start":{"line":10,"column":4},"end":{"line":10,"column":17}}},"fnMap":{"0":{"name":"messageRouter","decl":{"start":{"line":5,"column":24},"end":{"line":5,"column":37}},"loc":{"start":{"line":5,"column":40},"end":{"line":11,"column":1}},"line":5}},"branchMap":{},"s":{"0":1,"1":1,"2":1,"3":1},"f":{"0":1},"b":{},"_coverageSchema":"1a1c01bbd47fc00a2c39e90264f33305004495a9","hash":"f7d2b0c04e1eded8f69625576dd666bce6984ea6"}
,"/Users/rafflesyohanes/badminton-court-booking-project/server/router/room.js": {"path":"/Users/rafflesyohanes/badminton-court-booking-project/server/router/room.js","statementMap":{"0":{"start":{"line":7,"column":19},"end":{"line":7,"column":35}},"1":{"start":{"line":9,"column":4},"end":{"line":9,"column":47}},"2":{"start":{"line":10,"column":4},"end":{"line":10,"column":47}},"3":{"start":{"line":11,"column":4},"end":{"line":11,"column":75}},"4":{"start":{"line":12,"column":4},"end":{"line":12,"column":71}},"5":{"start":{"line":14,"column":4},"end":{"line":14,"column":17}}},"fnMap":{"0":{"name":"roomRouter","decl":{"start":{"line":6,"column":24},"end":{"line":6,"column":34}},"loc":{"start":{"line":6,"column":37},"end":{"line":15,"column":1}},"line":6}},"branchMap":{},"s":{"0":1,"1":1,"2":1,"3":1,"4":1,"5":1},"f":{"0":1},"b":{},"_coverageSchema":"1a1c01bbd47fc00a2c39e90264f33305004495a9","hash":"0bd9fd7ac8707e6b20010e43bd383dd2e3d13744"}
}
